# JRE version: OpenJDK Runtime Environment (11.0.8+10) (build 11.0.8+10-b944.6842174)
# Java VM: OpenJDK 64-Bit Server VM (11.0.8+10-b944.6842174, mixed mode, tiered, compressed oops, g1 gc, windows-amd64)
Heap:
 garbage-first heap   total 95232K, used 62875K [0x0000000080000000, 0x0000000100000000)
  region size 1024K, 7 young (7168K), 1 survivors (1024K)
 Metaspace       used 71600K, capacity 73371K, committed 73392K, reserved 1112064K
  class space    used 9352K, capacity 9979K, committed 9984K, reserved 1048576K
GC Heap History (20 events):
Event: 103.557 GC heap before
{Heap before GC invocations=49 (full 0):
 garbage-first heap   total 78848K, used 60460K [0x0000000080000000, 0x0000000100000000)
  region size 1024K, 11 young (11264K), 1 survivors (1024K)
 Metaspace       used 64466K, capacity 65998K, committed 66224K, reserved 1105920K
  class space    used 8290K, capacity 8852K, committed 8960K, reserved 1048576K
}
Event: 103.564 GC heap after
{Heap after GC invocations=50 (full 0):
 garbage-first heap   total 78848K, used 51106K [0x0000000080000000, 0x0000000100000000)
  region size 1024K, 2 young (2048K), 2 survivors (2048K)
 Metaspace       used 64466K, capacity 65998K, committed 66224K, reserved 1105920K
  class space    used 8290K, capacity 8852K, committed 8960K, reserved 1048576K
}
Event: 105.624 GC heap before
{Heap before GC invocations=50 (full 0):
 garbage-first heap   total 78848K, used 61346K [0x0000000080000000, 0x0000000100000000)
  region size 1024K, 12 young (12288K), 2 survivors (2048K)
 Metaspace       used 64820K, capacity 66418K, committed 66480K, reserved 1107968K
  class space    used 8343K, capacity 8905K, committed 8960K, reserved 1048576K
}
Event: 105.636 GC heap after
{Heap after GC invocations=51 (full 0):
 garbage-first heap   total 78848K, used 52100K [0x0000000080000000, 0x0000000100000000)
  region size 1024K, 2 young (2048K), 2 survivors (2048K)
 Metaspace       used 64820K, capacity 66418K, committed 66480K, reserved 1107968K
  class space    used 8343K, capacity 8905K, committed 8960K, reserved 1048576K
}
Event: 108.677 GC heap before
{Heap before GC invocations=52 (full 0):
 garbage-first heap   total 78848K, used 62340K [0x0000000080000000, 0x0000000100000000)
  region size 1024K, 12 young (12288K), 2 survivors (2048K)
 Metaspace       used 65053K, capacity 66631K, committed 66736K, reserved 1107968K
  class space    used 8380K, capacity 8953K, committed 8960K, reserved 1048576K
}
Event: 108.715 GC heap after
{Heap after GC invocations=53 (full 0):
 garbage-first heap   total 78848K, used 53128K [0x0000000080000000, 0x0000000100000000)
  region size 1024K, 2 young (2048K), 2 survivors (2048K)
 Metaspace       used 65053K, capacity 66631K, committed 66736K, reserved 1107968K
  class space    used 8380K, capacity 8953K, committed 8960K, reserved 1048576K
}
Event: 111.785 GC heap before
{Heap before GC invocations=53 (full 0):
 garbage-first heap   total 78848K, used 63368K [0x0000000080000000, 0x0000000100000000)
  region size 1024K, 12 young (12288K), 2 survivors (2048K)
 Metaspace       used 66022K, capacity 67661K, committed 68016K, reserved 1107968K
  class space    used 8536K, capacity 9103K, committed 9216K, reserved 1048576K
}
Event: 111.804 GC heap after
{Heap after GC invocations=54 (full 0):
 garbage-first heap   total 78848K, used 53671K [0x0000000080000000, 0x0000000100000000)
  region size 1024K, 2 young (2048K), 2 survivors (2048K)
 Metaspace       used 66022K, capacity 67661K, committed 68016K, reserved 1107968K
  class space    used 8536K, capacity 9103K, committed 9216K, reserved 1048576K
}
Event: 113.179 GC heap before
{Heap before GC invocations=55 (full 0):
 garbage-first heap   total 78848K, used 62887K [0x0000000080000000, 0x0000000100000000)
  region size 1024K, 12 young (12288K), 2 survivors (2048K)
 Metaspace       used 67235K, capacity 68936K, committed 69168K, reserved 1110016K
  class space    used 8707K, capacity 9272K, committed 9344K, reserved 1048576K
}
Event: 113.195 GC heap after
{Heap after GC invocations=56 (full 0):
 garbage-first heap   total 78848K, used 54079K [0x0000000080000000, 0x0000000100000000)
  region size 1024K, 1 young (1024K), 1 survivors (1024K)
 Metaspace       used 67235K, capacity 68936K, committed 69168K, reserved 1110016K
  class space    used 8707K, capacity 9272K, committed 9344K, reserved 1048576K
}
Event: 114.082 GC heap before
{Heap before GC invocations=56 (full 0):
 garbage-first heap   total 78848K, used 64319K [0x0000000080000000, 0x0000000100000000)
  region size 1024K, 11 young (11264K), 1 survivors (1024K)
 Metaspace       used 68262K, capacity 69993K, committed 70064K, reserved 1110016K
  class space    used 8895K, capacity 9471K, committed 9472K, reserved 1048576K
}
Event: 114.092 GC heap after
{Heap after GC invocations=57 (full 0):
 garbage-first heap   total 78848K, used 54526K [0x0000000080000000, 0x0000000100000000)
  region size 1024K, 2 young (2048K), 2 survivors (2048K)
 Metaspace       used 68262K, capacity 69993K, committed 70064K, reserved 1110016K
  class space    used 8895K, capacity 9471K, committed 9472K, reserved 1048576K
}
Event: 115.721 GC heap before
{Heap before GC invocations=58 (full 0):
 garbage-first heap   total 78848K, used 64766K [0x0000000080000000, 0x0000000100000000)
  region size 1024K, 12 young (12288K), 2 survivors (2048K)
 Metaspace       used 69425K, capacity 71114K, committed 71344K, reserved 1112064K
  class space    used 9048K, capacity 9644K, committed 9728K, reserved 1048576K
}
Event: 115.734 GC heap after
{Heap after GC invocations=59 (full 0):
 garbage-first heap   total 78848K, used 55130K [0x0000000080000000, 0x0000000100000000)
  region size 1024K, 2 young (2048K), 2 survivors (2048K)
 Metaspace       used 69425K, capacity 71114K, committed 71344K, reserved 1112064K
  class space    used 9048K, capacity 9644K, committed 9728K, reserved 1048576K
}
Event: 116.186 GC heap before
{Heap before GC invocations=59 (full 0):
 garbage-first heap   total 78848K, used 65370K [0x0000000080000000, 0x0000000100000000)
  region size 1024K, 12 young (12288K), 2 survivors (2048K)
 Metaspace       used 70135K, capacity 71844K, committed 71984K, reserved 1112064K
  class space    used 9157K, capacity 9756K, committed 9856K, reserved 1048576K
}
Event: 116.202 GC heap after
{Heap after GC invocations=60 (full 0):
 garbage-first heap   total 78848K, used 55940K [0x0000000080000000, 0x0000000100000000)
  region size 1024K, 2 young (2048K), 2 survivors (2048K)
 Metaspace       used 70135K, capacity 71844K, committed 71984K, reserved 1112064K
  class space    used 9157K, capacity 9756K, committed 9856K, reserved 1048576K
}
Event: 117.638 GC heap before
{Heap before GC invocations=61 (full 0):
 garbage-first heap   total 78848K, used 65156K [0x0000000080000000, 0x0000000100000000)
  region size 1024K, 11 young (11264K), 2 survivors (2048K)
 Metaspace       used 70640K, capacity 72365K, committed 72496K, reserved 1112064K
  class space    used 9217K, capacity 9799K, committed 9856K, reserved 1048576K
}
Event: 117.676 GC heap after
{Heap after GC invocations=62 (full 0):
 garbage-first heap   total 78848K, used 57003K [0x0000000080000000, 0x0000000100000000)
  region size 1024K, 2 young (2048K), 2 survivors (2048K)
 Metaspace       used 70640K, capacity 72365K, committed 72496K, reserved 1112064K
  class space    used 9217K, capacity 9799K, committed 9856K, reserved 1048576K
}
Event: 118.085 GC heap before
{Heap before GC invocations=62 (full 0):
 garbage-first heap   total 78848K, used 66219K [0x0000000080000000, 0x0000000100000000)
  region size 1024K, 11 young (11264K), 2 survivors (2048K)
 Metaspace       used 71160K, capacity 72838K, committed 73136K, reserved 1112064K
  class space    used 9286K, capacity 9868K, committed 9984K, reserved 1048576K
}
Event: 118.105 GC heap after
{Heap after GC invocations=63 (full 0):
 garbage-first heap   total 95232K, used 57755K [0x0000000080000000, 0x0000000100000000)
  region size 1024K, 1 young (1024K), 1 survivors (1024K)
 Metaspace       used 71160K, capacity 72838K, committed 73136K, reserved 1112064K
  class space    used 9286K, capacity 9868K, committed 9984K, reserved 1048576K
}

